08-01 10:02:09 com_github_MitjaNemec_ReplicateLayout.action_replicate_layout 400:Plugin executed on: 'win32'
08-01 10:02:09 com_github_MitjaNemec_ReplicateLayout.action_replicate_layout 401:Plugin executed with python version: '3.9.14 (main, Feb 13 2023, 04:48:26) [MSC v.1934 64 bit (AMD64)]'
08-01 10:02:09 com_github_MitjaNemec_ReplicateLayout.action_replicate_layout 402:KiCad build version: 7.0.1
08-01 10:02:09 com_github_MitjaNemec_ReplicateLayout.action_replicate_layout 403:Plugin version: 2.1.0
08-01 10:02:09 com_github_MitjaNemec_ReplicateLayout.action_replicate_layout 404:Frame repr: <wx._core.Frame object at 0x000001FB0B203790>
08-01 10:02:09 com_github_MitjaNemec_ReplicateLayout.action_replicate_layout 428:Preparing replicator with IC1 as a reference
08-01 10:02:09 com_github_MitjaNemec_ReplicateLayout.replicate_layout 116:getting a list of all footprints on board
08-01 10:02:09 com_github_MitjaNemec_ReplicateLayout.action_replicate_layout 476:source anchor footprint is 'IC1'
Located on: ['+5.5V（LM317）']
With filenames: ['+5.5V（LM317）.kicad_sch']
With sheet_id:['+5.5V（LM317）']
08-01 10:02:09 com_github_MitjaNemec_ReplicateLayout.action_replicate_layout 483:Corresponding footprints are 
[('IC1', ['+5.5V（LM317）']), ('IC3', ['+5.5V（LM317）2']), ('IC2', ['+5.5V（LM317）1'])]
08-01 10:02:09 com_github_MitjaNemec_ReplicateLayout.action_replicate_layout 495:Showing dialog
08-01 10:02:09 com_github_MitjaNemec_ReplicateLayout.replicate_layout 403:constructing a list of sheets suitable for replication on level:'+5.5V（LM317）', file:'+5.5V（LM317）.kicad_sch'
08-01 10:02:09 com_github_MitjaNemec_ReplicateLayout.replicate_layout 440:suitable sheets are:[['+5.5V（LM317）1'], ['+5.5V（LM317）2']]
08-01 10:02:10 com_github_MitjaNemec_ReplicateLayout.replicate_layout 1411:Level selected: ['+5.5V（LM317）']
08-01 10:02:10 com_github_MitjaNemec_ReplicateLayout.replicate_layout 1246:Filtering list of tracks
08-01 10:02:10 com_github_MitjaNemec_ReplicateLayout.action_replicate_layout 501:Toolbar position: wx.Point(-42, 96)
08-01 10:02:10 com_github_MitjaNemec_ReplicateLayout.action_replicate_layout 506:Dialog position: wx.Point(-404, 96)
08-01 10:02:14 com_github_MitjaNemec_ReplicateLayout.replicate_layout 403:constructing a list of sheets suitable for replication on level:'+5.5V（LM317）', file:'+5.5V（LM317）.kicad_sch'
08-01 10:02:14 com_github_MitjaNemec_ReplicateLayout.replicate_layout 440:suitable sheets are:[['+5.5V（LM317）1'], ['+5.5V（LM317）2']]
08-01 10:02:14 com_github_MitjaNemec_ReplicateLayout.action_replicate_layout 248:Replicating layout
08-01 10:02:14 com_github_MitjaNemec_ReplicateLayout.replicate_layout 239:Starting replication of sheets: [['+5.5V（LM317）1'], ['+5.5V（LM317）2']]
on level: ['+5.5V（LM317）']
with tracks=True, zone=True, text=True, text=True, intersecting=False, remove=False, locked footprints=False, group_only=False
08-01 10:02:14 root 340:updating GUI message: 'Preparing for replication'
08-01 10:02:14 root 345:updating GUI with: 0
08-01 10:02:14 com_github_MitjaNemec_ReplicateLayout.replicate_layout 309:Getting the list of source footprints
08-01 10:02:14 com_github_MitjaNemec_ReplicateLayout.replicate_layout 319:Getting the list of all the remaining footprints
08-01 10:02:14 com_github_MitjaNemec_ReplicateLayout.replicate_layout 326:Getting source tracks
08-01 10:02:14 com_github_MitjaNemec_ReplicateLayout.replicate_layout 1246:Filtering list of tracks
08-01 10:02:14 com_github_MitjaNemec_ReplicateLayout.replicate_layout 330:Getting source zones
08-01 10:02:14 com_github_MitjaNemec_ReplicateLayout.replicate_layout 334:Getting source text items
08-01 10:02:14 com_github_MitjaNemec_ReplicateLayout.replicate_layout 338:Getting source drawing items
08-01 10:02:14 root 340:updating GUI message: 'Replicating footprints'
08-01 10:02:14 com_github_MitjaNemec_ReplicateLayout.replicate_layout 754:Replicating footprints
08-01 10:02:14 com_github_MitjaNemec_ReplicateLayout.replicate_layout 761:Replicating footprints on sheet ['+5.5V（LM317）1']
08-01 10:02:14 com_github_MitjaNemec_ReplicateLayout.replicate_layout 761:Replicating footprints on sheet ['+5.5V（LM317）2']
08-01 10:02:14 root 340:updating GUI message: 'Replicating tracks'
08-01 10:02:14 com_github_MitjaNemec_ReplicateLayout.replicate_layout 924:Replicating tracks
08-01 10:02:14 com_github_MitjaNemec_ReplicateLayout.replicate_layout 930:Replicating tracks on sheet ['+5.5V（LM317）1']
08-01 10:02:14 com_github_MitjaNemec_ReplicateLayout.replicate_layout 749:Net pairs for sheet ['+5.5V（LM317）1'] :[('GND', 'GND'), ('input', 'input'), ('Net-(IC1-ADJUST)', 'Net-(IC2-ADJUST)'), ('Net-(IC1-OUTPUT_1)', 'Net-(IC2-OUTPUT_1)')]
08-01 10:02:14 com_github_MitjaNemec_ReplicateLayout.replicate_layout 930:Replicating tracks on sheet ['+5.5V（LM317）2']
08-01 10:02:14 com_github_MitjaNemec_ReplicateLayout.replicate_layout 749:Net pairs for sheet ['+5.5V（LM317）2'] :[('GND', 'GND'), ('Net-(IC1-OUTPUT_1)', 'Net-(IC3-OUTPUT_1)'), ('Net-(IC1-ADJUST)', 'Net-(IC3-ADJUST)'), ('input', 'input')]
08-01 10:02:14 root 340:updating GUI message: 'Replicating zones'
08-01 10:02:14 com_github_MitjaNemec_ReplicateLayout.replicate_layout 994:Replicating zones
08-01 10:02:14 com_github_MitjaNemec_ReplicateLayout.replicate_layout 1001:Replicating zones on sheet ['+5.5V（LM317）1']
08-01 10:02:14 com_github_MitjaNemec_ReplicateLayout.replicate_layout 749:Net pairs for sheet ['+5.5V（LM317）1'] :[('GND', 'GND'), ('input', 'input'), ('Net-(IC1-ADJUST)', 'Net-(IC2-ADJUST)'), ('Net-(IC1-OUTPUT_1)', 'Net-(IC2-OUTPUT_1)')]
08-01 10:02:14 com_github_MitjaNemec_ReplicateLayout.replicate_layout 1001:Replicating zones on sheet ['+5.5V（LM317）2']
08-01 10:02:14 com_github_MitjaNemec_ReplicateLayout.replicate_layout 749:Net pairs for sheet ['+5.5V（LM317）2'] :[('GND', 'GND'), ('Net-(IC1-OUTPUT_1)', 'Net-(IC3-OUTPUT_1)'), ('Net-(IC1-ADJUST)', 'Net-(IC3-ADJUST)'), ('input', 'input')]
08-01 10:02:14 root 340:updating GUI message: 'Replicating text'
08-01 10:02:14 com_github_MitjaNemec_ReplicateLayout.replicate_layout 1083:Replicating text
08-01 10:02:14 com_github_MitjaNemec_ReplicateLayout.replicate_layout 1090:Replicating text on sheet ['+5.5V（LM317）1']
08-01 10:02:14 com_github_MitjaNemec_ReplicateLayout.replicate_layout 1090:Replicating text on sheet ['+5.5V（LM317）2']
08-01 10:02:14 root 340:updating GUI message: 'Replicating drawings'
08-01 10:02:14 com_github_MitjaNemec_ReplicateLayout.replicate_layout 1134:Replicating drawings
08-01 10:02:14 com_github_MitjaNemec_ReplicateLayout.replicate_layout 1140:Replicating drawings on sheet ['+5.5V（LM317）1']
08-01 10:02:14 com_github_MitjaNemec_ReplicateLayout.replicate_layout 1140:Replicating drawings on sheet ['+5.5V（LM317）2']
08-01 10:02:14 com_github_MitjaNemec_ReplicateLayout.action_replicate_layout 264:Replication complete
