08-05 15:24:04 com_github_MitjaNemec_ReplicateLayout.action_replicate_layout 400:Plugin executed on: 'win32'
08-05 15:24:04 com_github_MitjaNemec_ReplicateLayout.action_replicate_layout 401:Plugin executed with python version: '3.9.14 (main, Feb 13 2023, 04:48:26) [MSC v.1934 64 bit (AMD64)]'
08-05 15:24:04 com_github_MitjaNemec_ReplicateLayout.action_replicate_layout 402:KiCad build version: 7.0.1
08-05 15:24:04 com_github_MitjaNemec_ReplicateLayout.action_replicate_layout 403:Plugin version: 2.1.0
08-05 15:24:04 com_github_MitjaNemec_ReplicateLayout.action_replicate_layout 404:Frame repr: <wx._core.Frame object at 0x0000023F7A065C10>
08-05 15:24:04 com_github_MitjaNemec_ReplicateLayout.action_replicate_layout 428:Preparing replicator with U7 as a reference
08-05 15:24:04 com_github_MitjaNemec_ReplicateLayout.replicate_layout 116:getting a list of all footprints on board
08-05 15:24:04 com_github_MitjaNemec_ReplicateLayout.action_replicate_layout 476:source anchor footprint is 'U7'
Located on: ['Switch_S6']
With filenames: ['Switch_S3.kicad_sch']
With sheet_id:['Switch_S6']
08-05 15:24:04 com_github_MitjaNemec_ReplicateLayout.action_replicate_layout 483:Corresponding footprints are 
[('U4', ['Switch_S3']), ('U5', ['Switch_S4']), ('U6', ['Switch_S5']), ('U7', ['Switch_S6'])]
08-05 15:24:04 com_github_MitjaNemec_ReplicateLayout.action_replicate_layout 495:Showing dialog
08-05 15:24:04 com_github_MitjaNemec_ReplicateLayout.replicate_layout 403:constructing a list of sheets suitable for replication on level:'Switch_S6', file:'Switch_S3.kicad_sch'
08-05 15:24:04 com_github_MitjaNemec_ReplicateLayout.replicate_layout 440:suitable sheets are:[['Switch_S3'], ['Switch_S4'], ['Switch_S5']]
08-05 15:24:04 com_github_MitjaNemec_ReplicateLayout.replicate_layout 1411:Level selected: ['Switch_S6']
08-05 15:24:04 com_github_MitjaNemec_ReplicateLayout.replicate_layout 1246:Filtering list of tracks
08-05 15:24:04 com_github_MitjaNemec_ReplicateLayout.action_replicate_layout 501:Toolbar position: wx.Point(2333, 138)
08-05 15:24:04 com_github_MitjaNemec_ReplicateLayout.action_replicate_layout 506:Dialog position: wx.Point(1971, 138)
08-05 15:24:08 com_github_MitjaNemec_ReplicateLayout.replicate_layout 403:constructing a list of sheets suitable for replication on level:'Switch_S6', file:'Switch_S3.kicad_sch'
08-05 15:24:08 com_github_MitjaNemec_ReplicateLayout.replicate_layout 440:suitable sheets are:[['Switch_S3'], ['Switch_S4'], ['Switch_S5']]
08-05 15:24:08 com_github_MitjaNemec_ReplicateLayout.action_replicate_layout 248:Replicating layout
08-05 15:24:08 com_github_MitjaNemec_ReplicateLayout.replicate_layout 239:Starting replication of sheets: [['Switch_S3'], ['Switch_S4'], ['Switch_S5']]
on level: ['Switch_S6']
with tracks=True, zone=True, text=True, text=True, intersecting=False, remove=True, locked footprints=False, group_only=False
08-05 15:24:08 root 340:updating GUI message: 'Preparing for replication'
08-05 15:24:08 root 345:updating GUI with: 0
08-05 15:24:08 com_github_MitjaNemec_ReplicateLayout.replicate_layout 309:Getting the list of source footprints
08-05 15:24:08 com_github_MitjaNemec_ReplicateLayout.replicate_layout 319:Getting the list of all the remaining footprints
08-05 15:24:08 com_github_MitjaNemec_ReplicateLayout.replicate_layout 326:Getting source tracks
08-05 15:24:08 com_github_MitjaNemec_ReplicateLayout.replicate_layout 1246:Filtering list of tracks
08-05 15:24:08 com_github_MitjaNemec_ReplicateLayout.replicate_layout 330:Getting source zones
08-05 15:24:08 com_github_MitjaNemec_ReplicateLayout.replicate_layout 334:Getting source text items
08-05 15:24:08 com_github_MitjaNemec_ReplicateLayout.replicate_layout 338:Getting source drawing items
08-05 15:24:08 com_github_MitjaNemec_ReplicateLayout.replicate_layout 271:Removing tracks and zones, before footprint placement
08-05 15:24:08 root 340:updating GUI message: 'Removing zones and tracks'
08-05 15:24:08 com_github_MitjaNemec_ReplicateLayout.replicate_layout 1192:Remove bounding box top:43232675, bottom:59072675, Left:-98712321, Right:-76322321
08-05 15:24:08 com_github_MitjaNemec_ReplicateLayout.replicate_layout 1192:Remove bounding box top:43232675, bottom:59072675, Left:-128633200, Right:-106243200
08-05 15:24:08 root 345:updating GUI with: 66
08-05 15:24:08 com_github_MitjaNemec_ReplicateLayout.replicate_layout 1192:Remove bounding box top:43236275, bottom:59076275, Left:-158553279, Right:-136163279
08-05 15:24:08 root 340:updating GUI message: 'Replicating footprints'
08-05 15:24:08 com_github_MitjaNemec_ReplicateLayout.replicate_layout 754:Replicating footprints
08-05 15:24:08 com_github_MitjaNemec_ReplicateLayout.replicate_layout 761:Replicating footprints on sheet ['Switch_S3']
08-05 15:24:08 com_github_MitjaNemec_ReplicateLayout.replicate_layout 761:Replicating footprints on sheet ['Switch_S4']
08-05 15:24:08 com_github_MitjaNemec_ReplicateLayout.replicate_layout 761:Replicating footprints on sheet ['Switch_S5']
08-05 15:24:08 com_github_MitjaNemec_ReplicateLayout.replicate_layout 279:Removing tracks and zones, after footprint placement
08-05 15:24:08 root 340:updating GUI message: 'Removing zones and tracks'
08-05 15:24:08 com_github_MitjaNemec_ReplicateLayout.replicate_layout 1192:Remove bounding box top:43232675, bottom:59072675, Left:-98712321, Right:-76322321
08-05 15:24:08 com_github_MitjaNemec_ReplicateLayout.replicate_layout 1192:Remove bounding box top:43232675, bottom:59072675, Left:-128633200, Right:-106243200
08-05 15:24:08 com_github_MitjaNemec_ReplicateLayout.replicate_layout 1192:Remove bounding box top:43236275, bottom:59076275, Left:-158553279, Right:-136163279
08-05 15:24:08 root 340:updating GUI message: 'Replicating tracks'
08-05 15:24:08 com_github_MitjaNemec_ReplicateLayout.replicate_layout 924:Replicating tracks
08-05 15:24:08 com_github_MitjaNemec_ReplicateLayout.replicate_layout 930:Replicating tracks on sheet ['Switch_S3']
08-05 15:24:08 com_github_MitjaNemec_ReplicateLayout.replicate_layout 749:Net pairs for sheet ['Switch_S3'] :[('Vctr3', 'Vctr3'), ('Vdd', 'Vdd'), ('Net-(U7-RF2)', 'Net-(U4-RF2)'), ('GND', 'GND'), ('/Switch_S6/In', '/Switch_S3/In'), ('Net-(U7-RF1)', 'Net-(U4-RF1)')]
08-05 15:24:08 com_github_MitjaNemec_ReplicateLayout.replicate_layout 930:Replicating tracks on sheet ['Switch_S4']
08-05 15:24:08 com_github_MitjaNemec_ReplicateLayout.replicate_layout 749:Net pairs for sheet ['Switch_S4'] :[('Vctr3', 'Vctr3'), ('Net-(U7-RF2)', 'Net-(U5-RF2)'), ('/Switch_S6/In', '/Switch_S4/In'), ('Net-(U7-RF1)', 'Net-(U5-RF1)'), ('GND', 'GND'), ('Vdd', 'Vdd')]
08-05 15:24:08 com_github_MitjaNemec_ReplicateLayout.replicate_layout 930:Replicating tracks on sheet ['Switch_S5']
08-05 15:24:08 com_github_MitjaNemec_ReplicateLayout.replicate_layout 733:Cannot pair src net: ['GND'] and dst net: ['', 'Switch_S5', 'In'], with src_net_depth=1, dst_net_depth=3, src_fp_depth=1, dst_fp_depth=1
08-05 15:24:08 com_github_MitjaNemec_ReplicateLayout.replicate_layout 749:Net pairs for sheet ['Switch_S5'] :[('Vctr3', 'Vctr3'), ('Net-(U7-RF1)', 'Net-(U6-RF1)'), ('GND', 'GND'), ('/Switch_S6/In', '/Switch_S5/In'), ('Net-(U7-RF2)', 'Net-(U6-RF2)'), ('Vdd', 'Vdd')]
08-05 15:24:08 root 340:updating GUI message: 'Replicating zones'
08-05 15:24:08 com_github_MitjaNemec_ReplicateLayout.replicate_layout 994:Replicating zones
08-05 15:24:08 root 345:updating GUI with: 0
08-05 15:24:08 com_github_MitjaNemec_ReplicateLayout.replicate_layout 1001:Replicating zones on sheet ['Switch_S3']
08-05 15:24:08 com_github_MitjaNemec_ReplicateLayout.replicate_layout 749:Net pairs for sheet ['Switch_S3'] :[('Vctr3', 'Vctr3'), ('Vdd', 'Vdd'), ('Net-(U7-RF2)', 'Net-(U4-RF2)'), ('GND', 'GND'), ('/Switch_S6/In', '/Switch_S3/In'), ('Net-(U7-RF1)', 'Net-(U4-RF1)')]
08-05 15:24:08 com_github_MitjaNemec_ReplicateLayout.replicate_layout 1001:Replicating zones on sheet ['Switch_S4']
08-05 15:24:08 com_github_MitjaNemec_ReplicateLayout.replicate_layout 749:Net pairs for sheet ['Switch_S4'] :[('Vctr3', 'Vctr3'), ('Net-(U7-RF2)', 'Net-(U5-RF2)'), ('/Switch_S6/In', '/Switch_S4/In'), ('Net-(U7-RF1)', 'Net-(U5-RF1)'), ('GND', 'GND'), ('Vdd', 'Vdd')]
08-05 15:24:08 com_github_MitjaNemec_ReplicateLayout.replicate_layout 1001:Replicating zones on sheet ['Switch_S5']
08-05 15:24:08 com_github_MitjaNemec_ReplicateLayout.replicate_layout 733:Cannot pair src net: ['GND'] and dst net: ['', 'Switch_S5', 'In'], with src_net_depth=1, dst_net_depth=3, src_fp_depth=1, dst_fp_depth=1
08-05 15:24:08 com_github_MitjaNemec_ReplicateLayout.replicate_layout 749:Net pairs for sheet ['Switch_S5'] :[('Vctr3', 'Vctr3'), ('Net-(U7-RF1)', 'Net-(U6-RF1)'), ('GND', 'GND'), ('/Switch_S6/In', '/Switch_S5/In'), ('Net-(U7-RF2)', 'Net-(U6-RF2)'), ('Vdd', 'Vdd')]
08-05 15:24:08 root 340:updating GUI message: 'Replicating text'
08-05 15:24:08 com_github_MitjaNemec_ReplicateLayout.replicate_layout 1083:Replicating text
08-05 15:24:08 com_github_MitjaNemec_ReplicateLayout.replicate_layout 1090:Replicating text on sheet ['Switch_S3']
08-05 15:24:08 com_github_MitjaNemec_ReplicateLayout.replicate_layout 1090:Replicating text on sheet ['Switch_S4']
08-05 15:24:08 com_github_MitjaNemec_ReplicateLayout.replicate_layout 1090:Replicating text on sheet ['Switch_S5']
08-05 15:24:08 root 340:updating GUI message: 'Replicating drawings'
08-05 15:24:08 com_github_MitjaNemec_ReplicateLayout.replicate_layout 1134:Replicating drawings
08-05 15:24:08 com_github_MitjaNemec_ReplicateLayout.replicate_layout 1140:Replicating drawings on sheet ['Switch_S3']
08-05 15:24:08 com_github_MitjaNemec_ReplicateLayout.replicate_layout 1140:Replicating drawings on sheet ['Switch_S4']
08-05 15:24:08 com_github_MitjaNemec_ReplicateLayout.replicate_layout 1140:Replicating drawings on sheet ['Switch_S5']
08-05 15:24:09 com_github_MitjaNemec_ReplicateLayout.action_replicate_layout 264:Replication complete
08-05 15:24:09 com_github_MitjaNemec_ReplicateLayout.action_replicate_layout 267:Letting the user know there are some issues with replicated design
08-05 15:24:09 com_github_MitjaNemec_ReplicateLayout.action_replicate_layout 271:Looks like the design has an exotic connectivity that is not supported by the plugin
 Make sure that you check the connectivity around:
Footprint U6, pad 6

